{"C:\\Users\\USER\\Documents\\Academics Iut\\4.2\\Software verification and validation\\Lab\\Lab Final\\src\\1-loan.js": {"path":"C:\\Users\\USER\\Documents\\Academics Iut\\4.2\\Software verification and validation\\Lab\\Lab Final\\src\\1-loan.js","statementMap":{"0":{"start":{"line":2,"column":2},"end":{"line":12,"column":3}},"1":{"start":{"line":3,"column":4},"end":{"line":3,"column":48}},"2":{"start":{"line":4,"column":9},"end":{"line":12,"column":3}},"3":{"start":{"line":5,"column":4},"end":{"line":5,"column":49}},"4":{"start":{"line":6,"column":9},"end":{"line":12,"column":3}},"5":{"start":{"line":7,"column":4},"end":{"line":7,"column":42}},"6":{"start":{"line":9,"column":21},"end":{"line":9,"column":70}},"7":{"start":{"line":10,"column":18},"end":{"line":10,"column":65}},"8":{"start":{"line":11,"column":4},"end":{"line":11,"column":19}},"9":{"start":{"line":16,"column":0},"end":{"line":18,"column":2}}},"fnMap":{"0":{"name":"calculateLoan","decl":{"start":{"line":1,"column":9},"end":{"line":1,"column":22}},"loc":{"start":{"line":1,"column":61},"end":{"line":13,"column":1}},"line":1}},"branchMap":{"0":{"loc":{"start":{"line":2,"column":2},"end":{"line":12,"column":3}},"type":"if","locations":[{"start":{"line":2,"column":2},"end":{"line":12,"column":3}},{"start":{"line":4,"column":9},"end":{"line":12,"column":3}}],"line":2},"1":{"loc":{"start":{"line":2,"column":6},"end":{"line":2,"column":62}},"type":"binary-expr","locations":[{"start":{"line":2,"column":6},"end":{"line":2,"column":23}},{"start":{"line":2,"column":27},"end":{"line":2,"column":41}},{"start":{"line":2,"column":45},"end":{"line":2,"column":62}}],"line":2},"2":{"loc":{"start":{"line":4,"column":9},"end":{"line":12,"column":3}},"type":"if","locations":[{"start":{"line":4,"column":9},"end":{"line":12,"column":3}},{"start":{"line":6,"column":9},"end":{"line":12,"column":3}}],"line":4},"3":{"loc":{"start":{"line":4,"column":13},"end":{"line":4,"column":75}},"type":"binary-expr","locations":[{"start":{"line":4,"column":13},"end":{"line":4,"column":32}},{"start":{"line":4,"column":36},"end":{"line":4,"column":52}},{"start":{"line":4,"column":56},"end":{"line":4,"column":75}}],"line":4},"4":{"loc":{"start":{"line":6,"column":9},"end":{"line":12,"column":3}},"type":"if","locations":[{"start":{"line":6,"column":9},"end":{"line":12,"column":3}},{"start":{"line":8,"column":9},"end":{"line":12,"column":3}}],"line":6},"5":{"loc":{"start":{"line":6,"column":13},"end":{"line":6,"column":69}},"type":"binary-expr","locations":[{"start":{"line":6,"column":13},"end":{"line":6,"column":30}},{"start":{"line":6,"column":34},"end":{"line":6,"column":48}},{"start":{"line":6,"column":52},"end":{"line":6,"column":69}}],"line":6}},"s":{"0":64,"1":12,"2":52,"3":8,"4":44,"5":8,"6":36,"7":36,"8":36,"9":1},"f":{"0":64},"b":{"0":[12,52],"1":[64,62,58],"2":[8,44],"3":[52,50,48],"4":[8,36],"5":[44,42,38]},"_coverageSchema":"1a1c01bbd47fc00a2c39e90264f33305004495a9","hash":"b565f9ea0f71975283ef9c297e2aec6f8057f520"}
,"C:\\Users\\USER\\Documents\\Academics Iut\\4.2\\Software verification and validation\\Lab\\Lab Final\\src\\2-converter.js": {"path":"C:\\Users\\USER\\Documents\\Academics Iut\\4.2\\Software verification and validation\\Lab\\Lab Final\\src\\2-converter.js","statementMap":{"0":{"start":{"line":4,"column":2},"end":{"line":15,"column":3}},"1":{"start":{"line":5,"column":4},"end":{"line":5,"column":48}},"2":{"start":{"line":6,"column":4},"end":{"line":6,"column":49}},"3":{"start":{"line":7,"column":9},"end":{"line":15,"column":3}},"4":{"start":{"line":8,"column":4},"end":{"line":8,"column":47}},"5":{"start":{"line":9,"column":4},"end":{"line":9,"column":50}},"6":{"start":{"line":10,"column":9},"end":{"line":15,"column":3}},"7":{"start":{"line":11,"column":4},"end":{"line":11,"column":49}},"8":{"start":{"line":12,"column":4},"end":{"line":12,"column":51}},"9":{"start":{"line":14,"column":4},"end":{"line":14,"column":25}},"10":{"start":{"line":16,"column":2},"end":{"line":16,"column":28}},"11":{"start":{"line":20,"column":0},"end":{"line":22,"column":2}}},"fnMap":{"0":{"name":"LengthConverter","decl":{"start":{"line":1,"column":9},"end":{"line":1,"column":24}},"loc":{"start":{"line":1,"column":43},"end":{"line":17,"column":1}},"line":1}},"branchMap":{"0":{"loc":{"start":{"line":4,"column":2},"end":{"line":15,"column":3}},"type":"if","locations":[{"start":{"line":4,"column":2},"end":{"line":15,"column":3}},{"start":{"line":7,"column":9},"end":{"line":15,"column":3}}],"line":4},"1":{"loc":{"start":{"line":7,"column":9},"end":{"line":15,"column":3}},"type":"if","locations":[{"start":{"line":7,"column":9},"end":{"line":15,"column":3}},{"start":{"line":10,"column":9},"end":{"line":15,"column":3}}],"line":7},"2":{"loc":{"start":{"line":10,"column":9},"end":{"line":15,"column":3}},"type":"if","locations":[{"start":{"line":10,"column":9},"end":{"line":15,"column":3}},{"start":{"line":13,"column":9},"end":{"line":15,"column":3}}],"line":10}},"s":{"0":8,"1":2,"2":2,"3":6,"4":2,"5":2,"6":4,"7":2,"8":2,"9":2,"10":6,"11":1},"f":{"0":8},"b":{"0":[2,6],"1":[2,4],"2":[2,2]},"_coverageSchema":"1a1c01bbd47fc00a2c39e90264f33305004495a9","hash":"f3fcacda70afa19cafab7feadcd413660ea4c878"}
,"C:\\Users\\USER\\Documents\\Academics Iut\\4.2\\Software verification and validation\\Lab\\Lab Final\\src\\3-sorting.js": {"path":"C:\\Users\\USER\\Documents\\Academics Iut\\4.2\\Software verification and validation\\Lab\\Lab Final\\src\\3-sorting.js","statementMap":{"0":{"start":{"line":2,"column":10},"end":{"line":2,"column":20}},"1":{"start":{"line":3,"column":2},"end":{"line":11,"column":3}},"2":{"start":{"line":3,"column":15},"end":{"line":3,"column":16}},"3":{"start":{"line":4,"column":18},"end":{"line":4,"column":24}},"4":{"start":{"line":5,"column":12},"end":{"line":5,"column":17}},"5":{"start":{"line":6,"column":4},"end":{"line":9,"column":5}},"6":{"start":{"line":7,"column":6},"end":{"line":7,"column":26}},"7":{"start":{"line":8,"column":6},"end":{"line":8,"column":10}},"8":{"start":{"line":10,"column":4},"end":{"line":10,"column":25}},"9":{"start":{"line":12,"column":2},"end":{"line":12,"column":13}},"10":{"start":{"line":16,"column":0},"end":{"line":18,"column":2}}},"fnMap":{"0":{"name":"insertionSort","decl":{"start":{"line":1,"column":9},"end":{"line":1,"column":22}},"loc":{"start":{"line":1,"column":28},"end":{"line":13,"column":1}},"line":1}},"branchMap":{"0":{"loc":{"start":{"line":6,"column":11},"end":{"line":6,"column":37}},"type":"binary-expr","locations":[{"start":{"line":6,"column":11},"end":{"line":6,"column":17}},{"start":{"line":6,"column":21},"end":{"line":6,"column":37}}],"line":6}},"s":{"0":14,"1":14,"2":14,"3":38,"4":38,"5":38,"6":19,"7":19,"8":38,"9":14,"10":1},"f":{"0":14},"b":{"0":[57,52]},"_coverageSchema":"1a1c01bbd47fc00a2c39e90264f33305004495a9","hash":"4a1197a43b535cd85cfca6ed9cbe7118d5463d94"}
}
