TN:
SF:src\1-loan.js
FN:1,calculateLoan
FNF:1
FNH:1
FNDA:64,calculateLoan
DA:2,64
DA:3,12
DA:4,52
DA:5,8
DA:6,44
DA:7,8
DA:9,36
DA:10,36
DA:11,36
DA:16,1
LF:10
LH:10
BRDA:2,0,0,12
BRDA:2,0,1,52
BRDA:2,1,0,64
BRDA:2,1,1,62
BRDA:2,1,2,58
BRDA:4,2,0,8
BRDA:4,2,1,44
BRDA:4,3,0,52
BRDA:4,3,1,50
BRDA:4,3,2,48
BRDA:6,4,0,8
BRDA:6,4,1,36
BRDA:6,5,0,44
BRDA:6,5,1,42
BRDA:6,5,2,38
BRF:15
BRH:15
end_of_record
TN:
SF:src\2-converter.js
FN:1,LengthConverter
FNF:1
FNH:1
FNDA:8,LengthConverter
DA:4,8
DA:5,2
DA:6,2
DA:7,6
DA:8,2
DA:9,2
DA:10,4
DA:11,2
DA:12,2
DA:14,2
DA:16,6
DA:20,1
LF:12
LH:12
BRDA:4,0,0,2
BRDA:4,0,1,6
BRDA:7,1,0,2
BRDA:7,1,1,4
BRDA:10,2,0,2
BRDA:10,2,1,2
BRF:6
BRH:6
end_of_record
TN:
SF:src\3-sorting.js
FN:1,insertionSort
FNF:1
FNH:1
FNDA:14,insertionSort
DA:2,14
DA:3,14
DA:4,38
DA:5,38
DA:6,38
DA:7,19
DA:8,19
DA:10,38
DA:12,14
DA:16,1
LF:10
LH:10
BRDA:6,0,0,57
BRDA:6,0,1,52
BRF:2
BRH:2
end_of_record
